# JRE version: Java(TM) SE Runtime Environment (7.0_79-b15) (build 1.7.0_79-b15)
# Java VM: Java HotSpot(TM) 64-Bit Server VM (24.79-b02 mixed mode windows-amd64 compressed oops)
Heap
 PSYoungGen      total 301056K, used 163268K [0x00000000eaa80000, 0x0000000100000000, 0x0000000100000000)
  eden space 256000K, 46% used [0x00000000eaa80000,0x00000000f1df2ad0,0x00000000fa480000)
  from space 45056K, 99% used [0x00000000fa480000,0x00000000fd07e610,0x00000000fd080000)
  to   space 48640K, 0% used [0x00000000fd080000,0x00000000fd080000,0x0000000100000000)
 ParOldGen       total 121856K, used 99727K [0x00000000c0000000, 0x00000000c7700000, 0x00000000eaa80000)
  object space 121856K, 81% used [0x00000000c0000000,0x00000000c6163d68,0x00000000c7700000)
 PSPermGen       total 21504K, used 5990K [0x00000000bae00000, 0x00000000bc300000, 0x00000000c0000000)
  object space 21504K, 27% used [0x00000000bae00000,0x00000000bb3d9808,0x00000000bc300000)
GC Heap History (10 events):
Event: 8.250 GC heap before
{Heap before GC invocations=8 (full 0):
 PSYoungGen      total 112640K, used 112639K [0x00000000eaa80000, 0x00000000f9880000, 0x0000000100000000)
  eden space 98304K, 100% used [0x00000000eaa80000,0x00000000f0a80000,0x00000000f0a80000)
  from space 14336K, 99% used [0x00000000f0a80000,0x00000000f187fcf0,0x00000000f1880000)
  to   space 23552K, 0% used [0x00000000f8180000,0x00000000f8180000,0x00000000f9880000)
 ParOldGen       total 64512K, used 38202K [0x00000000c0000000, 0x00000000c3f00000, 0x00000000eaa80000)
  object space 64512K, 59% used [0x00000000c0000000,0x00000000c254eb88,0x00000000c3f00000)
 PSPermGen       total 21504K, used 5913K [0x00000000bae00000, 0x00000000bc300000, 0x00000000c0000000)
  object space 21504K, 27% used [0x00000000bae00000,0x00000000bb3c67e0,0x00000000bc300000)
Event: 8.323 GC heap after
Heap after GC invocations=8 (full 0):
 PSYoungGen      total 214016K, used 23541K [0x00000000eaa80000, 0x00000000fa480000, 0x0000000100000000)
  eden space 190464K, 0% used [0x00000000eaa80000,0x00000000eaa80000,0x00000000f6480000)
  from space 23552K, 99% used [0x00000000f8180000,0x00000000f987d4b8,0x00000000f9880000)
  to   space 29696K, 0% used [0x00000000f6480000,0x00000000f6480000,0x00000000f8180000)
 ParOldGen       total 64512K, used 44141K [0x00000000c0000000, 0x00000000c3f00000, 0x00000000eaa80000)
  object space 64512K, 68% used [0x00000000c0000000,0x00000000c2b1b7c8,0x00000000c3f00000)
 PSPermGen       total 21504K, used 5913K [0x00000000bae00000, 0x00000000bc300000, 0x00000000c0000000)
  object space 21504K, 27% used [0x00000000bae00000,0x00000000bb3c67e0,0x00000000bc300000)
}
Event: 9.783 GC heap before
{Heap before GC invocations=9 (full 0):
 PSYoungGen      total 214016K, used 214005K [0x00000000eaa80000, 0x00000000fa480000, 0x0000000100000000)
  eden space 190464K, 100% used [0x00000000eaa80000,0x00000000f6480000,0x00000000f6480000)
  from space 23552K, 99% used [0x00000000f8180000,0x00000000f987d4b8,0x00000000f9880000)
  to   space 29696K, 0% used [0x00000000f6480000,0x00000000f6480000,0x00000000f8180000)
 ParOldGen       total 64512K, used 44141K [0x00000000c0000000, 0x00000000c3f00000, 0x00000000eaa80000)
  object space 64512K, 68% used [0x00000000c0000000,0x00000000c2b1b7c8,0x00000000c3f00000)
 PSPermGen       total 21504K, used 5957K [0x00000000bae00000, 0x00000000bc300000, 0x00000000c0000000)
  object space 21504K, 27% used [0x00000000bae00000,0x00000000bb3d15b8,0x00000000bc300000)
Event: 9.861 GC heap after
Heap after GC invocations=9 (full 0):
 PSYoungGen      total 220160K, used 29668K [0x00000000eaa80000, 0x0000000100000000, 0x0000000100000000)
  eden space 190464K, 0% used [0x00000000eaa80000,0x00000000eaa80000,0x00000000f6480000)
  from space 29696K, 99% used [0x00000000f6480000,0x00000000f8179228,0x00000000f8180000)
  to   space 40448K, 0% used [0x00000000fd880000,0x00000000fd880000,0x0000000100000000)
 ParOldGen       total 64512K, used 58415K [0x00000000c0000000, 0x00000000c3f00000, 0x00000000eaa80000)
  object space 64512K, 90% used [0x00000000c0000000,0x00000000c390bfe8,0x00000000c3f00000)
 PSPermGen       total 21504K, used 5957K [0x00000000bae00000, 0x00000000bc300000, 0x00000000c0000000)
  object space 21504K, 27% used [0x00000000bae00000,0x00000000bb3d15b8,0x00000000bc300000)
}
Event: 9.861 GC heap before
{Heap before GC invocations=10 (full 1):
 PSYoungGen      total 220160K, used 29668K [0x00000000eaa80000, 0x0000000100000000, 0x0000000100000000)
  eden space 190464K, 0% used [0x00000000eaa80000,0x00000000eaa80000,0x00000000f6480000)
  from space 29696K, 99% used [0x00000000f6480000,0x00000000f8179228,0x00000000f8180000)
  to   space 40448K, 0% used [0x00000000fd880000,0x00000000fd880000,0x0000000100000000)
 ParOldGen       total 64512K, used 58415K [0x00000000c0000000, 0x00000000c3f00000, 0x00000000eaa80000)
  object space 64512K, 90% used [0x00000000c0000000,0x00000000c390bfe8,0x00000000c3f00000)
 PSPermGen       total 21504K, used 5957K [0x00000000bae00000, 0x00000000bc300000, 0x00000000c0000000)
  object space 21504K, 27% used [0x00000000bae00000,0x00000000bb3d15b8,0x00000000bc300000)
Event: 10.910 GC heap after
Heap after GC invocations=10 (full 1):
 PSYoungGen      total 220160K, used 20379K [0x00000000eaa80000, 0x0000000100000000, 0x0000000100000000)
  eden space 190464K, 0% used [0x00000000eaa80000,0x00000000eaa80000,0x00000000f6480000)
  from space 29696K, 68% used [0x00000000f6480000,0x00000000f7866ce8,0x00000000f8180000)
  to   space 40448K, 0% used [0x00000000fd880000,0x00000000fd880000,0x0000000100000000)
 ParOldGen       total 121856K, used 64074K [0x00000000c0000000, 0x00000000c7700000, 0x00000000eaa80000)
  object space 121856K, 52% used [0x00000000c0000000,0x00000000c3e92bf8,0x00000000c7700000)
 PSPermGen       total 21504K, used 5951K [0x00000000bae00000, 0x00000000bc300000, 0x00000000c0000000)
  object space 21504K, 27% used [0x00000000bae00000,0x00000000bb3cfe10,0x00000000bc300000)
}
Event: 11.971 GC heap before
{Heap before GC invocations=11 (full 1):
 PSYoungGen      total 220160K, used 210843K [0x00000000eaa80000, 0x0000000100000000, 0x0000000100000000)
  eden space 190464K, 100% used [0x00000000eaa80000,0x00000000f6480000,0x00000000f6480000)
  from space 29696K, 68% used [0x00000000f6480000,0x00000000f7866ce8,0x00000000f8180000)
  to   space 40448K, 0% used [0x00000000fd880000,0x00000000fd880000,0x0000000100000000)
 ParOldGen       total 121856K, used 64074K [0x00000000c0000000, 0x00000000c7700000, 0x00000000eaa80000)
  object space 121856K, 52% used [0x00000000c0000000,0x00000000c3e92bf8,0x00000000c7700000)
 PSPermGen       total 21504K, used 5970K [0x00000000bae00000, 0x00000000bc300000, 0x00000000c0000000)
  object space 21504K, 27% used [0x00000000bae00000,0x00000000bb3d4b20,0x00000000bc300000)
Event: 12.082 GC heap after
Heap after GC invocations=11 (full 1):
 PSYoungGen      total 266240K, used 36716K [0x00000000eaa80000, 0x00000000ffc80000, 0x0000000100000000)
  eden space 229376K, 0% used [0x00000000eaa80000,0x00000000eaa80000,0x00000000f8a80000)
  from space 36864K, 99% used [0x00000000fd880000,0x00000000ffc5b018,0x00000000ffc80000)
  to   space 45056K, 0% used [0x00000000fa480000,0x00000000fa480000,0x00000000fd080000)
 ParOldGen       total 121856K, used 76241K [0x00000000c0000000, 0x00000000c7700000, 0x00000000eaa80000)
  object space 121856K, 62% used [0x00000000c0000000,0x00000000c4a745e8,0x00000000c7700000)
 PSPermGen       total 21504K, used 5970K [0x00000000bae00000, 0x00000000bc300000, 0x00000000c0000000)
  object space 21504K, 27% used [0x00000000bae00000,0x00000000bb3d4b20,0x00000000bc300000)
}
Event: 13.214 GC heap before
{Heap before GC invocations=12 (full 1):
 PSYoungGen      total 266240K, used 266092K [0x00000000eaa80000, 0x00000000ffc80000, 0x0000000100000000)
  eden space 229376K, 100% used [0x00000000eaa80000,0x00000000f8a80000,0x00000000f8a80000)
  from space 36864K, 99% used [0x00000000fd880000,0x00000000ffc5b018,0x00000000ffc80000)
  to   space 45056K, 0% used [0x00000000fa480000,0x00000000fa480000,0x00000000fd080000)
 ParOldGen       total 121856K, used 76241K [0x00000000c0000000, 0x00000000c7700000, 0x00000000eaa80000)
  object space 121856K, 62% used [0x00000000c0000000,0x00000000c4a745e8,0x00000000c7700000)
 PSPermGen       total 21504K, used 5985K [0x00000000bae00000, 0x00000000bc300000, 0x00000000c0000000)
  object space 21504K, 27% used [0x00000000bae00000,0x00000000bb3d87c8,0x00000000bc300000)
Event: 13.351 GC heap after
Heap after GC invocations=12 (full 1):
 PSYoungGen      total 301056K, used 45049K [0x00000000eaa80000, 0x0000000100000000, 0x0000000100000000)
  eden space 256000K, 0% used [0x00000000eaa80000,0x00000000eaa80000,0x00000000fa480000)
  from space 45056K, 99% used [0x00000000fa480000,0x00000000fd07e610,0x00000000fd080000)
  to   space 48640K, 0% used [0x00000000fd080000,0x00000000fd080000,0x0000000100000000)
 ParOldGen       total 121856K, used 99727K [0x00000000c0000000, 0x00000000c7700000, 0x00000000eaa80000)
  object space 121856K, 81% used [0x00000000c0000000,0x00000000c6163d68,0x00000000c7700000)
 PSPermGen       total 21504K, used 5985K [0x00000000bae00000, 0x00000000bc300000, 0x00000000c0000000)
  object space 21504K, 27% used [0x00000000bae00000,0x00000000bb3d87c8,0x00000000bc300000)
}

